# JRE version: Java(TM) SE Runtime Environment (8.0_31-b13) (build 1.8.0_31-b13)
# Java VM: Java HotSpot(TM) 64-Bit Server VM (25.31-b07 mixed mode windows-amd64 compressed oops)
Heap:
 PSYoungGen      total 2048512K, used 1162624K [0x0000000715580000, 0x00000007c0000000, 0x00000007c0000000)
  eden space 1300992K, 32% used [0x0000000715580000,0x000000072ed9b2e0,0x0000000764c00000)
  from space 747520K, 99% used [0x0000000764c00000,0x00000007923450e8,0x0000000792600000)
  to   space 747520K, 0% used [0x0000000792600000,0x0000000792600000,0x00000007c0000000)
 ParOldGen       total 1601024K, used 1360134K [0x00000005c0000000, 0x0000000621b80000, 0x0000000715580000)
  object space 1601024K, 84% used [0x00000005c0000000,0x0000000613041b40,0x0000000621b80000)
 Metaspace       used 12655K, capacity 12990K, committed 13184K, reserved 1060864K
  class space    used 1507K, capacity 1604K, committed 1664K, reserved 1048576K
GC Heap History (10 events):
Event: 56.893 GC heap before
{Heap before GC invocations=61 (full 8):
 PSYoungGen      total 2399744K, used 2285520K [0x0000000715580000, 0x00000007be900000, 0x00000007c0000000)
  eden space 2037248K, 99% used [0x0000000715580000,0x0000000790b559c8,0x0000000791b00000)
  from space 362496K, 72% used [0x00000007a8700000,0x00000007b891e8c8,0x00000007be900000)
  to   space 367616K, 0% used [0x0000000791b00000,0x0000000791b00000,0x00000007a8200000)
 ParOldGen       total 546304K, used 134331K [0x00000005c0000000, 0x00000005e1580000, 0x0000000715580000)
  object space 546304K, 24% used [0x00000005c0000000,0x00000005c832ee90,0x00000005e1580000)
 Metaspace       used 12432K, capacity 12798K, committed 12928K, reserved 1060864K
  class space    used 1507K, capacity 1604K, committed 1664K, reserved 1048576K
Event: 56.969 GC heap after
Heap after GC invocations=61 (full 8):
 PSYoungGen      total 2404864K, used 170871K [0x0000000715580000, 0x00000007c0000000, 0x00000007c0000000)
  eden space 2037248K, 0% used [0x0000000715580000,0x0000000715580000,0x0000000791b00000)
  from space 367616K, 46% used [0x0000000791b00000,0x000000079c1ddd88,0x00000007a8200000)
  to   space 370688K, 0% used [0x00000007a9600000,0x00000007a9600000,0x00000007c0000000)
 ParOldGen       total 546304K, used 134339K [0x00000005c0000000, 0x00000005e1580000, 0x0000000715580000)
  object space 546304K, 24% used [0x00000005c0000000,0x00000005c8330e90,0x00000005e1580000)
 Metaspace       used 12432K, capacity 12798K, committed 12928K, reserved 1060864K
  class space    used 1507K, capacity 1604K, committed 1664K, reserved 1048576K
}
Event: 59.364 GC heap before
{Heap before GC invocations=62 (full 8):
 PSYoungGen      total 2404864K, used 2208119K [0x0000000715580000, 0x00000007c0000000, 0x00000007c0000000)
  eden space 2037248K, 100% used [0x0000000715580000,0x0000000791b00000,0x0000000791b00000)
  from space 367616K, 46% used [0x0000000791b00000,0x000000079c1ddd88,0x00000007a8200000)
  to   space 370688K, 0% used [0x00000007a9600000,0x00000007a9600000,0x00000007c0000000)
 ParOldGen       total 546304K, used 134339K [0x00000005c0000000, 0x00000005e1580000, 0x0000000715580000)
  object space 546304K, 24% used [0x00000005c0000000,0x00000005c8330e90,0x00000005e1580000)
 Metaspace       used 12592K, capacity 12926K, committed 13184K, reserved 1060864K
  class space    used 1507K, capacity 1604K, committed 1664K, reserved 1048576K
Event: 61.515 GC heap after
Heap after GC invocations=62 (full 8):
 PSYoungGen      total 1671680K, used 370667K [0x0000000715580000, 0x00000007c0000000, 0x00000007c0000000)
  eden space 1300992K, 0% used [0x0000000715580000,0x0000000715580000,0x0000000764c00000)
  from space 370688K, 99% used [0x00000007a9600000,0x00000007bfffafe8,0x00000007c0000000)
  to   space 747520K, 0% used [0x0000000764c00000,0x0000000764c00000,0x0000000792600000)
 ParOldGen       total 1062912K, used 1061575K [0x00000005c0000000, 0x0000000600e00000, 0x0000000715580000)
  object space 1062912K, 99% used [0x00000005c0000000,0x0000000600cb1f70,0x0000000600e00000)
 Metaspace       used 12592K, capacity 12926K, committed 13184K, reserved 1060864K
  class space    used 1507K, capacity 1604K, committed 1664K, reserved 1048576K
}
Event: 61.515 GC heap before
{Heap before GC invocations=63 (full 9):
 PSYoungGen      total 1671680K, used 370667K [0x0000000715580000, 0x00000007c0000000, 0x00000007c0000000)
  eden space 1300992K, 0% used [0x0000000715580000,0x0000000715580000,0x0000000764c00000)
  from space 370688K, 99% used [0x00000007a9600000,0x00000007bfffafe8,0x00000007c0000000)
  to   space 747520K, 0% used [0x0000000764c00000,0x0000000764c00000,0x0000000792600000)
 ParOldGen       total 1062912K, used 1061575K [0x00000005c0000000, 0x0000000600e00000, 0x0000000715580000)
  object space 1062912K, 99% used [0x00000005c0000000,0x0000000600cb1f70,0x0000000600e00000)
 Metaspace       used 12592K, capacity 12926K, committed 13184K, reserved 1060864K
  class space    used 1507K, capacity 1604K, committed 1664K, reserved 1048576K
Event: 63.583 GC heap after
Heap after GC invocations=63 (full 9):
 PSYoungGen      total 1671680K, used 244594K [0x0000000715580000, 0x00000007c0000000, 0x00000007c0000000)
  eden space 1300992K, 0% used [0x0000000715580000,0x0000000715580000,0x0000000764c00000)
  from space 370688K, 65% used [0x00000007a9600000,0x00000007b84dc9c0,0x00000007c0000000)
  to   space 747520K, 0% used [0x0000000764c00000,0x0000000764c00000,0x0000000792600000)
 ParOldGen       total 1601024K, used 896447K [0x00000005c0000000, 0x0000000621b80000, 0x0000000715580000)
  object space 1601024K, 55% used [0x00000005c0000000,0x00000005f6b6fc28,0x0000000621b80000)
 Metaspace       used 12592K, capacity 12926K, committed 13184K, reserved 1060864K
  class space    used 1507K, capacity 1604K, committed 1664K, reserved 1048576K
}
Event: 64.207 GC heap before
{Heap before GC invocations=64 (full 9):
 PSYoungGen      total 1671680K, used 1545586K [0x0000000715580000, 0x00000007c0000000, 0x00000007c0000000)
  eden space 1300992K, 100% used [0x0000000715580000,0x0000000764c00000,0x0000000764c00000)
  from space 370688K, 65% used [0x00000007a9600000,0x00000007b84dc9c0,0x00000007c0000000)
  to   space 747520K, 0% used [0x0000000764c00000,0x0000000764c00000,0x0000000792600000)
 ParOldGen       total 1601024K, used 896447K [0x00000005c0000000, 0x0000000621b80000, 0x0000000715580000)
  object space 1601024K, 55% used [0x00000005c0000000,0x00000005f6b6fc28,0x0000000621b80000)
 Metaspace       used 12636K, capacity 12990K, committed 13184K, reserved 1060864K
  class space    used 1507K, capacity 1604K, committed 1664K, reserved 1048576K
Event: 66.636 GC heap after
Heap after GC invocations=64 (full 9):
 PSYoungGen      total 2048512K, used 747504K [0x0000000715580000, 0x00000007c0000000, 0x00000007c0000000)
  eden space 1300992K, 0% used [0x0000000715580000,0x0000000715580000,0x0000000764c00000)
  from space 747520K, 99% used [0x0000000764c00000,0x00000007925fc350,0x0000000792600000)
  to   space 747520K, 0% used [0x0000000792600000,0x0000000792600000,0x00000007c0000000)
 ParOldGen       total 1601024K, used 1475447K [0x00000005c0000000, 0x0000000621b80000, 0x0000000715580000)
  object space 1601024K, 92% used [0x00000005c0000000,0x000000061a0ddc28,0x0000000621b80000)
 Metaspace       used 12636K, capacity 12990K, committed 13184K, reserved 1060864K
  class space    used 1507K, capacity 1604K, committed 1664K, reserved 1048576K
}
Event: 66.636 GC heap before
{Heap before GC invocations=65 (full 10):
 PSYoungGen      total 2048512K, used 747504K [0x0000000715580000, 0x00000007c0000000, 0x00000007c0000000)
  eden space 1300992K, 0% used [0x0000000715580000,0x0000000715580000,0x0000000764c00000)
  from space 747520K, 99% used [0x0000000764c00000,0x00000007925fc350,0x0000000792600000)
  to   space 747520K, 0% used [0x0000000792600000,0x0000000792600000,0x00000007c0000000)
 ParOldGen       total 1601024K, used 1475447K [0x00000005c0000000, 0x0000000621b80000, 0x0000000715580000)
  object space 1601024K, 92% used [0x00000005c0000000,0x000000061a0ddc28,0x0000000621b80000)
 Metaspace       used 12636K, capacity 12990K, committed 13184K, reserved 1060864K
  class space    used 1507K, capacity 1604K, committed 1664K, reserved 1048576K
Event: 70.522 GC heap after
Heap after GC invocations=65 (full 10):
 PSYoungGen      total 2048512K, used 744724K [0x0000000715580000, 0x00000007c0000000, 0x00000007c0000000)
  eden space 1300992K, 0% used [0x0000000715580000,0x0000000715580000,0x0000000764c00000)
  from space 747520K, 99% used [0x0000000764c00000,0x00000007923450e8,0x0000000792600000)
  to   space 747520K, 0% used [0x0000000792600000,0x0000000792600000,0x00000007c0000000)
 ParOldGen       total 1601024K, used 1360134K [0x00000005c0000000, 0x0000000621b80000, 0x0000000715580000)
  object space 1601024K, 84% used [0x00000005c0000000,0x0000000613041b40,0x0000000621b80000)
 Metaspace       used 12636K, capacity 12990K, committed 13184K, reserved 1060864K
  class space    used 1507K, capacity 1604K, committed 1664K, reserved 1048576K
}

